<?xml version="1.0" encoding="UTF-8"?>
<testng-results skipped="0" failed="0" total="1" passed="1">
  <reporter-output>
    <line>
      <![CDATA[File name [C:\Users\hlakshmanan\Documents\Harini\PROJECTS\Sample Works\git\dataValidation_generic.\Resources\JSON\sourceJSON\SourceJSON.json]  and ROW size is [76] 
]]>
    </line>
    <line>
      <![CDATA[File name [C:\Users\hlakshmanan\Documents\Harini\PROJECTS\Sample Works\git\dataValidation_generic.\Resources\JSON\sourceJSON\SourceJSON.json]  and column size is [1] 
]]>
    </line>
    <line>
      <![CDATA[File name [C:\Users\hlakshmanan\Documents\Harini\PROJECTS\Sample Works\git\dataValidation_generic.\Resources\JSON\targetJSON\targetJSON.json]  and ROW size is [47] 
]]>
    </line>
    <line>
      <![CDATA[File name [C:\Users\hlakshmanan\Documents\Harini\PROJECTS\Sample Works\git\dataValidation_generic.\Resources\JSON\targetJSON\targetJSON.json]  and column size is [1] 
]]>
    </line>
    <line>
      <![CDATA[Assertion Passed The data [DOTCOM_TENDER,DOTCOM_TENDER,0.0,1,15.92] was found in the source]]>
    </line>
  </reporter-output>
  <suite name="File Validation" duration-ms="2013" started-at="2020-06-09T10:02:05Z" finished-at="2020-06-09T10:02:07Z">
    <groups>
    </groups>
    <test name="Test" duration-ms="2013" started-at="2020-06-09T10:02:05Z" finished-at="2020-06-09T10:02:07Z">
      <class name="dataValidation.TestClass.ValidationTest">
        <test-method status="PASS" signature="democomparingSrcTarget(java.lang.String, java.lang.String, java.lang.String, java.lang.String, java.lang.String)[pri:0, instance:dataValidation.TestClass.ValidationTest@a9e816]" name="democomparingSrcTarget" duration-ms="1989" started-at="2020-06-09T15:32:05Z" finished-at="2020-06-09T15:32:07Z">
          <params>
            <param index="0">
              <value>
                <![CDATA[ROW]]>
              </value>
            </param>
            <param index="1">
              <value>
                <![CDATA[JSON]]>
              </value>
            </param>
            <param index="2">
              <value>
                <![CDATA[JSON]]>
              </value>
            </param>
            <param index="3">
              <value>
                <![CDATA[,]]>
              </value>
            </param>
            <param index="4">
              <value>
                <![CDATA[,]]>
              </value>
            </param>
          </params>
          <reporter-output>
            <line>
              <![CDATA[File name [C:\Users\hlakshmanan\Documents\Harini\PROJECTS\Sample Works\git\dataValidation_generic.\Resources\JSON\sourceJSON\SourceJSON.json]  and ROW size is [76] 
]]>
            </line>
            <line>
              <![CDATA[File name [C:\Users\hlakshmanan\Documents\Harini\PROJECTS\Sample Works\git\dataValidation_generic.\Resources\JSON\sourceJSON\SourceJSON.json]  and column size is [1] 
]]>
            </line>
            <line>
              <![CDATA[File name [C:\Users\hlakshmanan\Documents\Harini\PROJECTS\Sample Works\git\dataValidation_generic.\Resources\JSON\targetJSON\targetJSON.json]  and ROW size is [47] 
]]>
            </line>
            <line>
              <![CDATA[File name [C:\Users\hlakshmanan\Documents\Harini\PROJECTS\Sample Works\git\dataValidation_generic.\Resources\JSON\targetJSON\targetJSON.json]  and column size is [1] 
]]>
            </line>
            <line>
              <![CDATA[Assertion Passed The data [DOTCOM_TENDER,DOTCOM_TENDER,0.0,1,15.92] was found in the source]]>
            </line>
          </reporter-output>
        </test-method> <!-- democomparingSrcTarget -->
      </class> <!-- dataValidation.TestClass.ValidationTest -->
    </test> <!-- Test -->
  </suite> <!-- File Validation -->
</testng-results>
